Using pre-set license
Built from '2020.3/staging' branch; Version is '2020.3.17f1 (a4537701e4ab) revision 10769271'; Using compiler version '192528614'; Build Type 'Release'
OS: 'Windows 10 Home; OS build 19042.1288; Version 2009; 64bit' Language: 'en' Physical Memory: 16311 MB
BatchMode: 1, IsHumanControllingUs: 0, StartBugReporterOnCrash: 0, Is64bit: 1, IsPro: 0

COMMAND LINE ARGUMENTS:
C:\Program Files\Unity\Hub\Editor\2020.3.17f1\Editor\Unity.exe
-adb2
-batchMode
-noUpm
-name
AssetImportWorker0
-projectPath
D:/Unity Projects/Github/Final_Project_Dev/New Unity Project
-logFile
Logs/AssetImportWorker0.log
-srvPort
62075
Successfully changed project path to: D:/Unity Projects/Github/Final_Project_Dev/New Unity Project
D:/Unity Projects/Github/Final_Project_Dev/New Unity Project
Using Asset Import Pipeline V2.
Refreshing native plugins compatible for Editor in 27.69 ms, found 2 plugins.
Preloading 0 native plugins for Editor in 0.00 ms.
Initialize engine version: 2020.3.17f1 (a4537701e4ab)
[Subsystems] Discovering subsystems at path C:/Program Files/Unity/Hub/Editor/2020.3.17f1/Editor/Data/Resources/UnitySubsystems
[Subsystems] Discovering subsystems at path D:/Unity Projects/Github/Final_Project_Dev/New Unity Project/Assets
GfxDevice: creating device client; threaded=0
Direct3D:
    Version:  Direct3D 11.0 [level 11.1]
    Renderer: AMD Radeon RX 5700 XT (ID=0x731f)
    Vendor:   
    VRAM:     8151 MB
    Driver:   30.0.13025.5005
Initialize mono
Mono path[0] = 'C:/Program Files/Unity/Hub/Editor/2020.3.17f1/Editor/Data/Managed'
Mono path[1] = 'C:/Program Files/Unity/Hub/Editor/2020.3.17f1/Editor/Data/MonoBleedingEdge/lib/mono/unityjit'
Mono config path = 'C:/Program Files/Unity/Hub/Editor/2020.3.17f1/Editor/Data/MonoBleedingEdge/etc'
Using monoOptions --debugger-agent=transport=dt_socket,embedding=1,server=y,suspend=n,address=127.0.0.1:56452
Begin MonoManager ReloadAssembly
Registering precompiled unity dll's ...
Register platform support module: C:/Program Files/Unity/Hub/Editor/2020.3.17f1/Editor/Data/PlaybackEngines/WebGLSupport/UnityEditor.WebGL.Extensions.dll
Register platform support module: C:/Program Files/Unity/Hub/Editor/2020.3.17f1/Editor/Data/PlaybackEngines/WindowsStandaloneSupport/UnityEditor.WindowsStandalone.Extensions.dll
Registered in 0.002100 seconds.
Native extension for WindowsStandalone target not found
Native extension for WebGL target not found
Refreshing native plugins compatible for Editor in 26.68 ms, found 2 plugins.
Preloading 0 native plugins for Editor in 0.00 ms.
Mono: successfully reloaded assembly
- Completed reload, in  1.714 seconds
Domain Reload Profiling:
	ReloadAssembly (1714ms)
		BeginReloadAssembly (46ms)
			ExecutionOrderSort (0ms)
			DisableScriptedObjects (0ms)
			BackupInstance (0ms)
			ReleaseScriptingObjects (0ms)
			CreateAndSetChildDomain (1ms)
		EndReloadAssembly (331ms)
			LoadAssemblies (45ms)
			RebuildTransferFunctionScriptingTraits (0ms)
			SetupTypeCache (120ms)
			ReleaseScriptCaches (0ms)
			RebuildScriptCaches (26ms)
			SetupLoadedEditorAssemblies (129ms)
				LogAssemblyErrors (0ms)
				InitializePlatformSupportModulesInManaged (4ms)
				SetLoadedEditorAssemblies (0ms)
				RefreshPlugins (27ms)
				BeforeProcessingInitializeOnLoad (14ms)
				ProcessInitializeOnLoadAttributes (62ms)
				ProcessInitializeOnLoadMethodAttributes (21ms)
				AfterProcessingInitializeOnLoad (0ms)
				EditorAssembliesLoaded (0ms)
			ExecutionOrderSort2 (0ms)
			AwakeInstancesAfterBackupRestoration (0ms)
Platform modules already initialized, skipping
Registering precompiled user dll's ...
Registered in 0.003029 seconds.
Begin MonoManager ReloadAssembly
Native extension for WindowsStandalone target not found
Native extension for WebGL target not found
Refreshing native plugins compatible for Editor in 0.41 ms, found 2 plugins.
Preloading 0 native plugins for Editor in 0.00 ms.
Mono: successfully reloaded assembly
- Completed reload, in  0.919 seconds
Domain Reload Profiling:
	ReloadAssembly (919ms)
		BeginReloadAssembly (125ms)
			ExecutionOrderSort (0ms)
			DisableScriptedObjects (4ms)
			BackupInstance (0ms)
			ReleaseScriptingObjects (0ms)
			CreateAndSetChildDomain (18ms)
		EndReloadAssembly (736ms)
			LoadAssemblies (76ms)
			RebuildTransferFunctionScriptingTraits (0ms)
			SetupTypeCache (228ms)
			ReleaseScriptCaches (0ms)
			RebuildScriptCaches (40ms)
			SetupLoadedEditorAssemblies (319ms)
				LogAssemblyErrors (0ms)
				InitializePlatformSupportModulesInManaged (5ms)
				SetLoadedEditorAssemblies (0ms)
				RefreshPlugins (0ms)
				BeforeProcessingInitializeOnLoad (65ms)
				ProcessInitializeOnLoadAttributes (239ms)
				ProcessInitializeOnLoadMethodAttributes (3ms)
				AfterProcessingInitializeOnLoad (6ms)
				EditorAssembliesLoaded (0ms)
			ExecutionOrderSort2 (0ms)
			AwakeInstancesAfterBackupRestoration (5ms)
Platform modules already initialized, skipping
========================================================================
Worker process is ready to serve import requests
Launched and connected shader compiler UnityShaderCompiler.exe after 0.06 seconds
Refreshing native plugins compatible for Editor in 0.40 ms, found 2 plugins.
Preloading 0 native plugins for Editor in 0.00 ms.
Unloading 1624 Unused Serialized files (Serialized files now loaded: 0)
System memory in use before: 73.2 MB.
System memory in use after: 73.3 MB.

Unloading 19 unused Assets to reduce memory usage. Loaded Objects now: 2058.
Total: 2.926200 ms (FindLiveObjects: 0.172100 ms CreateObjectMapping: 0.034900 ms MarkObjects: 2.655400 ms  DeleteObjects: 0.062900 ms)

AssetImportParameters requested are different than current active one (requested -> active):
  custom:framework-win-MediaFoundation: 216162199b28c13a410421893ffa2e32 -> 
  custom:video-decoder-ogg-theora: a1e56fd34408186e4bbccfd4996cb3dc -> 
  custom:container-muxer-webm: aa71ff27fc2769a1b78a27578f13a17b -> 
  custom:container-demuxer-webm: 4f35f7cbe854078d1ac9338744f61a02 -> 
  custom:container-demuxer-ogg: 62fdf1f143b41e24485cea50d1cbac27 -> 
  custom:video-encoder-webm-vp8: eb34c28f22e8b96e1ab97ce403110664 -> 
  custom:video-codec-MediaFoundation-h265: e54d7ab0439102e2317fc1e4b246158d -> 
  custom:video-decoder-webm-vp8: 9c59270c3fd7afecdb556c50c9e8de78 -> 
  custom:audio-decoder-ogg-vorbis: bf7c407c2cedff20999df2af8eb42d56 -> 
  custom:audio-encoder-webm-vorbis: bf7c407c2cedff20999df2af8eb42d56 -> 
========================================================================
Received Import Request.
  path: Assets/Prefabs/TestEnemy.prefab
  artifactKey: Guid(769cb9bb50d2566458fd366333d7158f) Importer(815301076,1909f56bfc062723c751e8b465ee728b)
Start importing Assets/Prefabs/TestEnemy.prefab using Guid(769cb9bb50d2566458fd366333d7158f) Importer(815301076,1909f56bfc062723c751e8b465ee728b)  -> (artifact id: 'de4a678b45aff5c7600213a404efb779') in 0.114587 seconds 
  Import took 0.130458 seconds .

========================================================================
Received Import Request.
  Time since last request: 0.000174 seconds.
  path: Assets/Prefabs/TestPlayer.prefab
  artifactKey: Guid(550de589acca4d541aac5f512ccfe7c3) Importer(815301076,1909f56bfc062723c751e8b465ee728b)
Start importing Assets/Prefabs/TestPlayer.prefab using Guid(550de589acca4d541aac5f512ccfe7c3) Importer(815301076,1909f56bfc062723c751e8b465ee728b)  -> (artifact id: 'ebda84035a456c02ae728a60188e3416') in 0.032939 seconds 
  Import took 0.035991 seconds .

========================================================================
Received Import Request.
  Time since last request: 0.000207 seconds.
  path: Assets/Materials/TestEnemyColour.mat
  artifactKey: Guid(9bdf390dc41b24a4e977ac74ccde415f) Importer(815301076,1909f56bfc062723c751e8b465ee728b)
Start importing Assets/Materials/TestEnemyColour.mat using Guid(9bdf390dc41b24a4e977ac74ccde415f) Importer(815301076,1909f56bfc062723c751e8b465ee728b)  -> (artifact id: '10ff088128fdd420103fcb69a45b2dff') in 0.033062 seconds 
  Import took 0.036406 seconds .

========================================================================
Received Prepare
Registering precompiled user dll's ...
Registered in 0.003127 seconds.
Begin MonoManager ReloadAssembly
Native extension for WindowsStandalone target not found
Native extension for WebGL target not found
Refreshing native plugins compatible for Editor in 0.42 ms, found 2 plugins.
Preloading 0 native plugins for Editor in 0.00 ms.
Mono: successfully reloaded assembly
- Completed reload, in  0.825 seconds
Domain Reload Profiling:
	ReloadAssembly (826ms)
		BeginReloadAssembly (91ms)
			ExecutionOrderSort (0ms)
			DisableScriptedObjects (3ms)
			BackupInstance (0ms)
			ReleaseScriptingObjects (0ms)
			CreateAndSetChildDomain (30ms)
		EndReloadAssembly (681ms)
			LoadAssemblies (69ms)
			RebuildTransferFunctionScriptingTraits (0ms)
			SetupTypeCache (214ms)
			ReleaseScriptCaches (1ms)
			RebuildScriptCaches (32ms)
			SetupLoadedEditorAssemblies (288ms)
				LogAssemblyErrors (0ms)
				InitializePlatformSupportModulesInManaged (5ms)
				SetLoadedEditorAssemblies (0ms)
				RefreshPlugins (0ms)
				BeforeProcessingInitializeOnLoad (58ms)
				ProcessInitializeOnLoadAttributes (216ms)
				ProcessInitializeOnLoadMethodAttributes (3ms)
				AfterProcessingInitializeOnLoad (6ms)
				EditorAssembliesLoaded (0ms)
			ExecutionOrderSort2 (0ms)
			AwakeInstancesAfterBackupRestoration (5ms)
Platform modules already initialized, skipping
Refreshing native plugins compatible for Editor in 0.42 ms, found 2 plugins.
Preloading 0 native plugins for Editor in 0.00 ms.
Unloading 1616 Unused Serialized files (Serialized files now loaded: 0)
System memory in use before: 76.2 MB.
System memory in use after: 76.4 MB.

Unloading 15 unused Assets to reduce memory usage. Loaded Objects now: 2102.
Total: 2.872800 ms (FindLiveObjects: 0.170000 ms CreateObjectMapping: 0.035700 ms MarkObjects: 2.647100 ms  DeleteObjects: 0.019000 ms)

AssetImportParameters requested are different than current active one (requested -> active):
  custom:framework-win-MediaFoundation: 216162199b28c13a410421893ffa2e32 -> 
  custom:video-decoder-ogg-theora: a1e56fd34408186e4bbccfd4996cb3dc -> 
  custom:container-muxer-webm: aa71ff27fc2769a1b78a27578f13a17b -> 
  custom:container-demuxer-webm: 4f35f7cbe854078d1ac9338744f61a02 -> 
  custom:container-demuxer-ogg: 62fdf1f143b41e24485cea50d1cbac27 -> 
  custom:video-encoder-webm-vp8: eb34c28f22e8b96e1ab97ce403110664 -> 
  custom:video-codec-MediaFoundation-h265: e54d7ab0439102e2317fc1e4b246158d -> 
  custom:video-decoder-webm-vp8: 9c59270c3fd7afecdb556c50c9e8de78 -> 
  custom:audio-decoder-ogg-vorbis: bf7c407c2cedff20999df2af8eb42d56 -> 
  custom:audio-encoder-webm-vorbis: bf7c407c2cedff20999df2af8eb42d56 -> 
========================================================================
Received Import Request.
  Time since last request: 1185.424329 seconds.
  path: Assets/Scenes
  artifactKey: Guid(be6437c648c03fc4aa8595753bf8fe12) Importer(815301076,1909f56bfc062723c751e8b465ee728b)
Start importing Assets/Scenes using Guid(be6437c648c03fc4aa8595753bf8fe12) Importer(815301076,1909f56bfc062723c751e8b465ee728b)  -> (artifact id: 'e60f39f75e851f82b916d4ba5e94d305') in 0.009189 seconds 
  Import took 0.012538 seconds .

========================================================================
Received Import Request.
  Time since last request: 34.318606 seconds.
  path: Assets/Scenes/Final Proj.unity
  artifactKey: Guid(9a0bde28bfe89ea4496129599045820e) Importer(815301076,1909f56bfc062723c751e8b465ee728b)
Start importing Assets/Scenes/Final Proj.unity using Guid(9a0bde28bfe89ea4496129599045820e) Importer(815301076,1909f56bfc062723c751e8b465ee728b)  -> (artifact id: 'ea4fe896ff4828dde7d26664574ecde4') in 0.013204 seconds 
  Import took 0.016191 seconds .

========================================================================
Received Import Request.
  Time since last request: 1.144314 seconds.
  path: Assets/Scenes/MainMenu.unity
  artifactKey: Guid(209dfad162b364b4c98642fb0356caed) Importer(815301076,1909f56bfc062723c751e8b465ee728b)
Start importing Assets/Scenes/MainMenu.unity using Guid(209dfad162b364b4c98642fb0356caed) Importer(815301076,1909f56bfc062723c751e8b465ee728b)  -> (artifact id: '63aeb5b845d7f52a6de22661854a08ab') in 0.006287 seconds 
  Import took 0.009180 seconds .

========================================================================
Received Import Request.
  Time since last request: 876.850273 seconds.
  path: Assets/Scripts/MainMenu.cs
  artifactKey: Guid(26cd4d5ea28bd824c8c89e208c29d49f) Importer(815301076,1909f56bfc062723c751e8b465ee728b)
Start importing Assets/Scripts/MainMenu.cs using Guid(26cd4d5ea28bd824c8c89e208c29d49f) Importer(815301076,1909f56bfc062723c751e8b465ee728b)  -> (artifact id: '8bac6f2abcd391162c6180c92995f88e') in 0.014401 seconds 
  Import took 0.036795 seconds .

========================================================================
Received Import Request.
  Time since last request: 52.329194 seconds.
  path: Assets/Scripts/MainMenu.cs
  artifactKey: Guid(26cd4d5ea28bd824c8c89e208c29d49f) Importer(815301076,1909f56bfc062723c751e8b465ee728b)
Start importing Assets/Scripts/MainMenu.cs using Guid(26cd4d5ea28bd824c8c89e208c29d49f) Importer(815301076,1909f56bfc062723c751e8b465ee728b)  -> (artifact id: '85431e4e81d6dae91d565e9a25b80953') in 0.002078 seconds 
  Import took 0.005484 seconds .

========================================================================
Received Import Request.
  Time since last request: 0.000843 seconds.
  path: Assets/Scripts/MainMenu.cs
  artifactKey: Guid(26cd4d5ea28bd824c8c89e208c29d49f) Importer(815301076,1909f56bfc062723c751e8b465ee728b)
Start importing Assets/Scripts/MainMenu.cs using Guid(26cd4d5ea28bd824c8c89e208c29d49f) Importer(815301076,1909f56bfc062723c751e8b465ee728b)  -> (artifact id: '85431e4e81d6dae91d565e9a25b80953') in 0.001967 seconds 
  Import took 0.004349 seconds .

========================================================================
Received Import Request.
  Time since last request: 16.065158 seconds.
  path: Assets/Scripts/MainMenu.cs
  artifactKey: Guid(26cd4d5ea28bd824c8c89e208c29d49f) Importer(815301076,1909f56bfc062723c751e8b465ee728b)
Start importing Assets/Scripts/MainMenu.cs using Guid(26cd4d5ea28bd824c8c89e208c29d49f) Importer(815301076,1909f56bfc062723c751e8b465ee728b)  -> (artifact id: '2a300793f159c0d285f7a377fac3582f') in 0.002070 seconds 
  Import took 0.022118 seconds .

========================================================================
Received Import Request.
  Time since last request: 23.631661 seconds.
  path: Assets/Scripts/MainMenu.cs
  artifactKey: Guid(26cd4d5ea28bd824c8c89e208c29d49f) Importer(815301076,1909f56bfc062723c751e8b465ee728b)
Start importing Assets/Scripts/MainMenu.cs using Guid(26cd4d5ea28bd824c8c89e208c29d49f) Importer(815301076,1909f56bfc062723c751e8b465ee728b)  -> (artifact id: '6ce6da844fc6ed0cc15b7b1c99ecd83d') in 0.002060 seconds 
  Import took 0.005152 seconds .

========================================================================
Received Prepare
Registering precompiled user dll's ...
Registered in 0.004177 seconds.
Begin MonoManager ReloadAssembly
Native extension for WindowsStandalone target not found
Native extension for WebGL target not found
Refreshing native plugins compatible for Editor in 0.42 ms, found 2 plugins.
Preloading 0 native plugins for Editor in 0.00 ms.
Mono: successfully reloaded assembly
- Completed reload, in  0.873 seconds
Domain Reload Profiling:
	ReloadAssembly (873ms)
		BeginReloadAssembly (92ms)
			ExecutionOrderSort (0ms)
			DisableScriptedObjects (4ms)
			BackupInstance (0ms)
			ReleaseScriptingObjects (0ms)
			CreateAndSetChildDomain (30ms)
		EndReloadAssembly (728ms)
			LoadAssemblies (77ms)
			RebuildTransferFunctionScriptingTraits (0ms)
			SetupTypeCache (234ms)
			ReleaseScriptCaches (1ms)
			RebuildScriptCaches (33ms)
			SetupLoadedEditorAssemblies (305ms)
				LogAssemblyErrors (0ms)
				InitializePlatformSupportModulesInManaged (5ms)
				SetLoadedEditorAssemblies (0ms)
				RefreshPlugins (0ms)
				BeforeProcessingInitializeOnLoad (59ms)
				ProcessInitializeOnLoadAttributes (230ms)
				ProcessInitializeOnLoadMethodAttributes (4ms)
				AfterProcessingInitializeOnLoad (7ms)
				EditorAssembliesLoaded (0ms)
			ExecutionOrderSort2 (0ms)
			AwakeInstancesAfterBackupRestoration (7ms)
Platform modules already initialized, skipping
Refreshing native plugins compatible for Editor in 0.43 ms, found 2 plugins.
Preloading 0 native plugins for Editor in 0.00 ms.
Unloading 1617 Unused Serialized files (Serialized files now loaded: 0)
System memory in use before: 76.3 MB.
System memory in use after: 76.4 MB.

Unloading 14 unused Assets to reduce memory usage. Loaded Objects now: 2105.
Total: 2.862200 ms (FindLiveObjects: 0.178100 ms CreateObjectMapping: 0.036000 ms MarkObjects: 2.630600 ms  DeleteObjects: 0.016200 ms)

AssetImportParameters requested are different than current active one (requested -> active):
  custom:framework-win-MediaFoundation: 216162199b28c13a410421893ffa2e32 -> 
  custom:video-decoder-ogg-theora: a1e56fd34408186e4bbccfd4996cb3dc -> 
  custom:container-muxer-webm: aa71ff27fc2769a1b78a27578f13a17b -> 
  custom:container-demuxer-webm: 4f35f7cbe854078d1ac9338744f61a02 -> 
  custom:container-demuxer-ogg: 62fdf1f143b41e24485cea50d1cbac27 -> 
  custom:video-encoder-webm-vp8: eb34c28f22e8b96e1ab97ce403110664 -> 
  custom:video-codec-MediaFoundation-h265: e54d7ab0439102e2317fc1e4b246158d -> 
  custom:video-decoder-webm-vp8: 9c59270c3fd7afecdb556c50c9e8de78 -> 
  custom:audio-decoder-ogg-vorbis: bf7c407c2cedff20999df2af8eb42d56 -> 
  custom:audio-encoder-webm-vorbis: bf7c407c2cedff20999df2af8eb42d56 -> 
AssetImportWorkerClient::OnTransportError - code=2 error=End of file
