Using pre-set license
Built from '2020.3/staging' branch; Version is '2020.3.17f1 (a4537701e4ab) revision 10769271'; Using compiler version '192528614'; Build Type 'Release'
OS: 'Windows 10 Education; OS build 18363.1916; Version 1909; 64bit' Language: 'en' Physical Memory: 65364 MB
BatchMode: 1, IsHumanControllingUs: 0, StartBugReporterOnCrash: 0, Is64bit: 1, IsPro: 0

COMMAND LINE ARGUMENTS:
C:\Program Files\Unity\Hub\Editor\2020.3.17f1\Editor\Unity.exe
-adb2
-batchMode
-noUpm
-name
AssetImportWorker0
-projectPath
D:/Thomas Shadforth - 1909810/Github/Dissertation/Final_Project_Dev/Defense from the breach
-logFile
Logs/AssetImportWorker0.log
-srvPort
57013
Successfully changed project path to: D:/Thomas Shadforth - 1909810/Github/Dissertation/Final_Project_Dev/Defense from the breach
D:/Thomas Shadforth - 1909810/Github/Dissertation/Final_Project_Dev/Defense from the breach
Using Asset Import Pipeline V2.
Refreshing native plugins compatible for Editor in 87.77 ms, found 2 plugins.
Preloading 0 native plugins for Editor in 0.00 ms.
Initialize engine version: 2020.3.17f1 (a4537701e4ab)
[Subsystems] Discovering subsystems at path C:/Program Files/Unity/Hub/Editor/2020.3.17f1/Editor/Data/Resources/UnitySubsystems
[Subsystems] Discovering subsystems at path D:/Thomas Shadforth - 1909810/Github/Dissertation/Final_Project_Dev/Defense from the breach/Assets
GfxDevice: creating device client; threaded=0
Direct3D:
    Version:  Direct3D 11.0 [level 11.1]
    Renderer: NVIDIA GeForce RTX 2080 SUPER (ID=0x1e81)
    Vendor:   
    VRAM:     8010 MB
    Driver:   26.21.14.3160
Initialize mono
Mono path[0] = 'C:/Program Files/Unity/Hub/Editor/2020.3.17f1/Editor/Data/Managed'
Mono path[1] = 'C:/Program Files/Unity/Hub/Editor/2020.3.17f1/Editor/Data/MonoBleedingEdge/lib/mono/unityjit'
Mono config path = 'C:/Program Files/Unity/Hub/Editor/2020.3.17f1/Editor/Data/MonoBleedingEdge/etc'
Using monoOptions --debugger-agent=transport=dt_socket,embedding=1,server=y,suspend=n,address=127.0.0.1:56168
Begin MonoManager ReloadAssembly
Registering precompiled unity dll's ...
Register platform support module: C:/Program Files/Unity/Hub/Editor/2020.3.17f1/Editor/Data/PlaybackEngines/WindowsStandaloneSupport/UnityEditor.WindowsStandalone.Extensions.dll
Registered in 0.108445 seconds.
Native extension for WindowsStandalone target not found
Refreshing native plugins compatible for Editor in 25.28 ms, found 2 plugins.
Preloading 0 native plugins for Editor in 0.00 ms.
Mono: successfully reloaded assembly
- Completed reload, in  3.547 seconds
Domain Reload Profiling:
	ReloadAssembly (3547ms)
		BeginReloadAssembly (2127ms)
			ExecutionOrderSort (0ms)
			DisableScriptedObjects (0ms)
			BackupInstance (0ms)
			ReleaseScriptingObjects (0ms)
			CreateAndSetChildDomain (1ms)
		EndReloadAssembly (567ms)
			LoadAssemblies (2126ms)
			RebuildTransferFunctionScriptingTraits (0ms)
			SetupTypeCache (350ms)
			ReleaseScriptCaches (0ms)
			RebuildScriptCaches (25ms)
			SetupLoadedEditorAssemblies (127ms)
				LogAssemblyErrors (0ms)
				InitializePlatformSupportModulesInManaged (3ms)
				SetLoadedEditorAssemblies (0ms)
				RefreshPlugins (25ms)
				BeforeProcessingInitializeOnLoad (13ms)
				ProcessInitializeOnLoadAttributes (62ms)
				ProcessInitializeOnLoadMethodAttributes (24ms)
				AfterProcessingInitializeOnLoad (0ms)
				EditorAssembliesLoaded (0ms)
			ExecutionOrderSort2 (0ms)
			AwakeInstancesAfterBackupRestoration (0ms)
Platform modules already initialized, skipping
Registering precompiled user dll's ...
Registered in 0.464934 seconds.
Begin MonoManager ReloadAssembly
Native extension for WindowsStandalone target not found
Refreshing native plugins compatible for Editor in 0.28 ms, found 2 plugins.
Preloading 0 native plugins for Editor in 0.00 ms.
Mono: successfully reloaded assembly
- Completed reload, in  2.717 seconds
Domain Reload Profiling:
	ReloadAssembly (2721ms)
		BeginReloadAssembly (134ms)
			ExecutionOrderSort (0ms)
			DisableScriptedObjects (4ms)
			BackupInstance (0ms)
			ReleaseScriptingObjects (0ms)
			CreateAndSetChildDomain (15ms)
		EndReloadAssembly (2540ms)
			LoadAssemblies (1261ms)
			RebuildTransferFunctionScriptingTraits (0ms)
			SetupTypeCache (723ms)
			ReleaseScriptCaches (0ms)
			RebuildScriptCaches (43ms)
			SetupLoadedEditorAssemblies (449ms)
				LogAssemblyErrors (0ms)
				InitializePlatformSupportModulesInManaged (4ms)
				SetLoadedEditorAssemblies (0ms)
				RefreshPlugins (0ms)
				BeforeProcessingInitializeOnLoad (61ms)
				ProcessInitializeOnLoadAttributes (374ms)
				ProcessInitializeOnLoadMethodAttributes (4ms)
				AfterProcessingInitializeOnLoad (5ms)
				EditorAssembliesLoaded (0ms)
			ExecutionOrderSort2 (0ms)
			AwakeInstancesAfterBackupRestoration (5ms)
Platform modules already initialized, skipping
========================================================================
Worker process is ready to serve import requests
Launched and connected shader compiler UnityShaderCompiler.exe after 0.05 seconds
Refreshing native plugins compatible for Editor in 0.39 ms, found 2 plugins.
Preloading 0 native plugins for Editor in 0.00 ms.
Unloading 1612 Unused Serialized files (Serialized files now loaded: 0)
System memory in use before: 73.4 MB.
System memory in use after: 73.5 MB.

Unloading 19 unused Assets to reduce memory usage. Loaded Objects now: 2047.
Total: 2.503800 ms (FindLiveObjects: 0.145900 ms CreateObjectMapping: 0.038200 ms MarkObjects: 2.270200 ms  DeleteObjects: 0.048800 ms)

AssetImportParameters requested are different than current active one (requested -> active):
  custom:framework-win-MediaFoundation: 216162199b28c13a410421893ffa2e32 -> 
  custom:video-decoder-ogg-theora: a1e56fd34408186e4bbccfd4996cb3dc -> 
  custom:container-muxer-webm: aa71ff27fc2769a1b78a27578f13a17b -> 
  custom:container-demuxer-webm: 4f35f7cbe854078d1ac9338744f61a02 -> 
  custom:container-demuxer-ogg: 62fdf1f143b41e24485cea50d1cbac27 -> 
  custom:video-encoder-webm-vp8: eb34c28f22e8b96e1ab97ce403110664 -> 
  custom:video-decoder-webm-vp8: 9c59270c3fd7afecdb556c50c9e8de78 -> 
  custom:audio-decoder-ogg-vorbis: bf7c407c2cedff20999df2af8eb42d56 -> 
  custom:audio-encoder-webm-vorbis: bf7c407c2cedff20999df2af8eb42d56 -> 
========================================================================
Received Import Request.
  path: Assets/Prefabs/Missile.prefab
  artifactKey: Guid(5c3806284ce981b459ae0cb67a1cabf5) Importer(815301076,1909f56bfc062723c751e8b465ee728b)
Start importing Assets/Prefabs/Missile.prefab using Guid(5c3806284ce981b459ae0cb67a1cabf5) Importer(815301076,1909f56bfc062723c751e8b465ee728b)  -> (artifact id: 'c5a5b65b01d88da5b3fa583d053f2e98') in 0.097794 seconds 
  Import took 0.099831 seconds .

========================================================================
Received Import Request.
  Time since last request: 0.000245 seconds.
  path: Assets/Prefabs/NewTestPlayer.prefab
  artifactKey: Guid(e449f687ebdd6a040aaa992a4c73d5cd) Importer(815301076,1909f56bfc062723c751e8b465ee728b)
Start importing Assets/Prefabs/NewTestPlayer.prefab using Guid(e449f687ebdd6a040aaa992a4c73d5cd) Importer(815301076,1909f56bfc062723c751e8b465ee728b)  -> (artifact id: '6864a5ffb7c4f32cc40f5d6257aeaa57') in 0.035971 seconds 
  Import took 0.037924 seconds .

========================================================================
Received Import Request.
  Time since last request: 0.000245 seconds.
  path: Assets/Prefabs/TestEnemy.prefab
  artifactKey: Guid(769cb9bb50d2566458fd366333d7158f) Importer(815301076,1909f56bfc062723c751e8b465ee728b)
Start importing Assets/Prefabs/TestEnemy.prefab using Guid(769cb9bb50d2566458fd366333d7158f) Importer(815301076,1909f56bfc062723c751e8b465ee728b)  -> (artifact id: '6bbad0494a37a3864c0b971d29dfb7f9') in 0.031986 seconds 
  Import took 0.034002 seconds .

========================================================================
Received Import Request.
  Time since last request: 0.000247 seconds.
  path: Assets/Prefabs/AdvancedTestEnemy.prefab
  artifactKey: Guid(e483e07d2e386ec48a4fcec520f4d74f) Importer(815301076,1909f56bfc062723c751e8b465ee728b)
Start importing Assets/Prefabs/AdvancedTestEnemy.prefab using Guid(e483e07d2e386ec48a4fcec520f4d74f) Importer(815301076,1909f56bfc062723c751e8b465ee728b)  -> (artifact id: 'acfe87ce4a9e758f46207ed93259839f') in 0.016291 seconds 
  Import took 0.018498 seconds .

========================================================================
Received Import Request.
  Time since last request: 0.000201 seconds.
  path: Assets/Prefabs/TestPlayer.prefab
  artifactKey: Guid(550de589acca4d541aac5f512ccfe7c3) Importer(815301076,1909f56bfc062723c751e8b465ee728b)
Start importing Assets/Prefabs/TestPlayer.prefab using Guid(550de589acca4d541aac5f512ccfe7c3) Importer(815301076,1909f56bfc062723c751e8b465ee728b)  -> (artifact id: 'fb5f9a371fcdffdd8e3ac7aabf6100ff') in 0.021878 seconds 
  Import took 0.023927 seconds .

========================================================================
Received Import Request.
  Time since last request: 0.000232 seconds.
  path: Assets/Prefabs/ConcentratedBullet.prefab
  artifactKey: Guid(bc3fe06b5368c5c4294c6f38ab8d2ddd) Importer(815301076,1909f56bfc062723c751e8b465ee728b)
Start importing Assets/Prefabs/ConcentratedBullet.prefab using Guid(bc3fe06b5368c5c4294c6f38ab8d2ddd) Importer(815301076,1909f56bfc062723c751e8b465ee728b)  -> (artifact id: '2273a5915a0fe0f68a0a13c5354f2585') in 0.014742 seconds 
  Import took 0.016669 seconds .

========================================================================
Received Import Request.
  Time since last request: 0.000239 seconds.
  path: Assets/Prefabs/TestBullet.prefab
  artifactKey: Guid(4d57db2d0214c48438b471b6cfa9278a) Importer(815301076,1909f56bfc062723c751e8b465ee728b)
Start importing Assets/Prefabs/TestBullet.prefab using Guid(4d57db2d0214c48438b471b6cfa9278a) Importer(815301076,1909f56bfc062723c751e8b465ee728b)  -> (artifact id: 'f6af869586a4539cb8cfa8c2a1a5218f') in 0.015626 seconds 
  Import took 0.017613 seconds .

========================================================================
Received Prepare
Registering precompiled user dll's ...
Registered in 0.001814 seconds.
Begin MonoManager ReloadAssembly
Native extension for WindowsStandalone target not found
Refreshing native plugins compatible for Editor in 0.38 ms, found 2 plugins.
Preloading 0 native plugins for Editor in 0.00 ms.
Mono: successfully reloaded assembly
- Completed reload, in  1.006 seconds
Domain Reload Profiling:
	ReloadAssembly (1007ms)
		BeginReloadAssembly (128ms)
			ExecutionOrderSort (0ms)
			DisableScriptedObjects (4ms)
			BackupInstance (0ms)
			ReleaseScriptingObjects (0ms)
			CreateAndSetChildDomain (33ms)
		EndReloadAssembly (822ms)
			LoadAssemblies (103ms)
			RebuildTransferFunctionScriptingTraits (0ms)
			SetupTypeCache (257ms)
			ReleaseScriptCaches (1ms)
			RebuildScriptCaches (38ms)
			SetupLoadedEditorAssemblies (363ms)
				LogAssemblyErrors (0ms)
				InitializePlatformSupportModulesInManaged (5ms)
				SetLoadedEditorAssemblies (0ms)
				RefreshPlugins (0ms)
				BeforeProcessingInitializeOnLoad (71ms)
				ProcessInitializeOnLoadAttributes (273ms)
				ProcessInitializeOnLoadMethodAttributes (6ms)
				AfterProcessingInitializeOnLoad (7ms)
				EditorAssembliesLoaded (0ms)
			ExecutionOrderSort2 (0ms)
			AwakeInstancesAfterBackupRestoration (7ms)
Platform modules already initialized, skipping
Refreshing native plugins compatible for Editor in 0.31 ms, found 2 plugins.
Preloading 0 native plugins for Editor in 0.00 ms.
Unloading 1604 Unused Serialized files (Serialized files now loaded: 0)
System memory in use before: 76.3 MB.
System memory in use after: 76.4 MB.

Unloading 15 unused Assets to reduce memory usage. Loaded Objects now: 2060.
Total: 2.509600 ms (FindLiveObjects: 0.131700 ms CreateObjectMapping: 0.040500 ms MarkObjects: 2.321600 ms  DeleteObjects: 0.015300 ms)

AssetImportParameters requested are different than current active one (requested -> active):
  custom:framework-win-MediaFoundation: 216162199b28c13a410421893ffa2e32 -> 
  custom:video-decoder-ogg-theora: a1e56fd34408186e4bbccfd4996cb3dc -> 
  custom:container-muxer-webm: aa71ff27fc2769a1b78a27578f13a17b -> 
  custom:container-demuxer-webm: 4f35f7cbe854078d1ac9338744f61a02 -> 
  custom:container-demuxer-ogg: 62fdf1f143b41e24485cea50d1cbac27 -> 
  custom:video-encoder-webm-vp8: eb34c28f22e8b96e1ab97ce403110664 -> 
  custom:video-decoder-webm-vp8: 9c59270c3fd7afecdb556c50c9e8de78 -> 
  custom:audio-decoder-ogg-vorbis: bf7c407c2cedff20999df2af8eb42d56 -> 
  custom:audio-encoder-webm-vorbis: bf7c407c2cedff20999df2af8eb42d56 -> 
========================================================================
Received Import Request.
  Time since last request: 114.985942 seconds.
  path: Assets/UI/Class UI Button Almighty Wave.png
  artifactKey: Guid(f9b5113b290ecb545a7fa196f8333fe6) Importer(815301076,1909f56bfc062723c751e8b465ee728b)
Start importing Assets/UI/Class UI Button Almighty Wave.png using Guid(f9b5113b290ecb545a7fa196f8333fe6) Importer(815301076,1909f56bfc062723c751e8b465ee728b)  -> (artifact id: 'e8c6693743de550d1526fa4c0d266a18') in 0.074035 seconds 
  Import took 0.076589 seconds .

========================================================================
Received Import Request.
  Time since last request: 0.000170 seconds.
  path: Assets/UI/Class UI Button Spinning Orb.png
  artifactKey: Guid(d77637c09571d03468857d624bf02ed4) Importer(815301076,1909f56bfc062723c751e8b465ee728b)
Start importing Assets/UI/Class UI Button Spinning Orb.png using Guid(d77637c09571d03468857d624bf02ed4) Importer(815301076,1909f56bfc062723c751e8b465ee728b)  -> (artifact id: 'a0df3656984b53b248ed753bbc3bbc42') in 0.021444 seconds 
  Import took 0.023811 seconds .

========================================================================
Received Import Request.
  Time since last request: 0.000225 seconds.
  path: Assets/UI/Class UI Button SideStepDodge.png
  artifactKey: Guid(35f63a544a70ed246a4cca8f3576dbcf) Importer(815301076,1909f56bfc062723c751e8b465ee728b)
Start importing Assets/UI/Class UI Button SideStepDodge.png using Guid(35f63a544a70ed246a4cca8f3576dbcf) Importer(815301076,1909f56bfc062723c751e8b465ee728b)  -> (artifact id: '6cf7b6f571a3cbf4e02fabe7a25d57aa') in 0.018916 seconds 
  Import took 0.021327 seconds .

========================================================================
Received Import Request.
  Time since last request: 0.000275 seconds.
  path: Assets/UI/Class UI Button Missile.png
  artifactKey: Guid(1e6168f1d45ae07489fc4dae222e250c) Importer(815301076,1909f56bfc062723c751e8b465ee728b)
Start importing Assets/UI/Class UI Button Missile.png using Guid(1e6168f1d45ae07489fc4dae222e250c) Importer(815301076,1909f56bfc062723c751e8b465ee728b)  -> (artifact id: 'd8e33da3e308435d5d63f3018b80fbd1') in 0.020148 seconds 
  Import took 0.022605 seconds .

========================================================================
Received Import Request.
  Time since last request: 0.000243 seconds.
  path: Assets/UI/Class UI Button Strengthen Projectile.png
  artifactKey: Guid(d0e35c4e302db6f4a83031ea91c90cab) Importer(815301076,1909f56bfc062723c751e8b465ee728b)
Start importing Assets/UI/Class UI Button Strengthen Projectile.png using Guid(d0e35c4e302db6f4a83031ea91c90cab) Importer(815301076,1909f56bfc062723c751e8b465ee728b)  -> (artifact id: 'dad564309ae3fecdd55a3710b6511995') in 0.020128 seconds 
  Import took 0.022392 seconds .

========================================================================
Received Import Request.
  Time since last request: 0.000287 seconds.
  path: Assets/UI/Little Warrior Font.ttf
  artifactKey: Guid(53aa99c9584134d4d9db3dba47432b34) Importer(815301076,1909f56bfc062723c751e8b465ee728b)
Start importing Assets/UI/Little Warrior Font.ttf using Guid(53aa99c9584134d4d9db3dba47432b34) Importer(815301076,1909f56bfc062723c751e8b465ee728b)  -> (artifact id: 'e9ac4524c0c8aacda3680f7737857a8f') in 0.059112 seconds 
  Import took 0.061448 seconds .

========================================================================
Received Import Request.
  Time since last request: 0.000175 seconds.
  path: Assets/UI/Class UI Button Enhanced Might.png
  artifactKey: Guid(f78956a15fe3215409661eef10a64311) Importer(815301076,1909f56bfc062723c751e8b465ee728b)
Start importing Assets/UI/Class UI Button Enhanced Might.png using Guid(f78956a15fe3215409661eef10a64311) Importer(815301076,1909f56bfc062723c751e8b465ee728b)  -> (artifact id: '676ddb65c7c6e4db79aedf05df505354') in 0.021885 seconds 
  Import took 0.024354 seconds .

========================================================================
Received Import Request.
  Time since last request: 0.000227 seconds.
  path: Assets/UI/Class UI Button RocketJump.png
  artifactKey: Guid(e799af792719ab248810ac835a8ba537) Importer(815301076,1909f56bfc062723c751e8b465ee728b)
Start importing Assets/UI/Class UI Button RocketJump.png using Guid(e799af792719ab248810ac835a8ba537) Importer(815301076,1909f56bfc062723c751e8b465ee728b)  -> (artifact id: 'fdda663c586366df31e5bc03350f1455') in 0.019651 seconds 
  Import took 0.022033 seconds .

========================================================================
Received Import Request.
  Time since last request: 0.000222 seconds.
  path: Assets/UI/Class UI Button Jump.png
  artifactKey: Guid(c0e3d1b027601de41b83524ebd12280d) Importer(815301076,1909f56bfc062723c751e8b465ee728b)
Start importing Assets/UI/Class UI Button Jump.png using Guid(c0e3d1b027601de41b83524ebd12280d) Importer(815301076,1909f56bfc062723c751e8b465ee728b)  -> (artifact id: '98651287925b1bc903dd19fcf92ee324') in 0.020583 seconds 
  Import took 0.022940 seconds .

========================================================================
Received Import Request.
  Time since last request: 0.000249 seconds.
  path: Assets/UI/Class UI Button MoveSpeedBuff.png
  artifactKey: Guid(f44f75c0512ccd3428ffcb8732193433) Importer(815301076,1909f56bfc062723c751e8b465ee728b)
Start importing Assets/UI/Class UI Button MoveSpeedBuff.png using Guid(f44f75c0512ccd3428ffcb8732193433) Importer(815301076,1909f56bfc062723c751e8b465ee728b)  -> (artifact id: '41d65250903e37df144292d00b4f1852') in 0.023270 seconds 
  Import took 0.025845 seconds .

========================================================================
Received Import Request.
  Time since last request: 0.000201 seconds.
  path: Assets/UI/Class UI Button Strengthen Wep.png
  artifactKey: Guid(ab539625c24fead47a26dded891c743f) Importer(815301076,1909f56bfc062723c751e8b465ee728b)
Start importing Assets/UI/Class UI Button Strengthen Wep.png using Guid(ab539625c24fead47a26dded891c743f) Importer(815301076,1909f56bfc062723c751e8b465ee728b)  -> (artifact id: '29c5681da7f60ed28ff0e3e3308595a8') in 0.024874 seconds 
  Import took 0.027351 seconds .

========================================================================
Received Import Request.
  Time since last request: 0.000187 seconds.
  path: Assets/UI/Class UI Button BackPaceDodge.png
  artifactKey: Guid(10deb9a015e513b4ea2a077313ffbf15) Importer(815301076,1909f56bfc062723c751e8b465ee728b)
Start importing Assets/UI/Class UI Button BackPaceDodge.png using Guid(10deb9a015e513b4ea2a077313ffbf15) Importer(815301076,1909f56bfc062723c751e8b465ee728b)  -> (artifact id: '44b34994eaaaf268092a1d02b567116a') in 0.019582 seconds 
  Import took 0.021999 seconds .

========================================================================
Received Import Request.
  Time since last request: 0.000228 seconds.
  path: Assets/UI/Class UI Button JumpHeightBuff.png
  artifactKey: Guid(3896833968bf0514b83a57005a7ff2b7) Importer(815301076,1909f56bfc062723c751e8b465ee728b)
Start importing Assets/UI/Class UI Button JumpHeightBuff.png using Guid(3896833968bf0514b83a57005a7ff2b7) Importer(815301076,1909f56bfc062723c751e8b465ee728b)  -> (artifact id: 'b18e354088ebac16529307df23b2eabe') in 0.022188 seconds 
  Import took 0.024617 seconds .

========================================================================
Received Import Request.
  Time since last request: 0.000253 seconds.
  path: Assets/UI/Menu UI Panel.png
  artifactKey: Guid(76b31b3101869b0468b5d501a3a36783) Importer(815301076,1909f56bfc062723c751e8b465ee728b)
Start importing Assets/UI/Menu UI Panel.png using Guid(76b31b3101869b0468b5d501a3a36783) Importer(815301076,1909f56bfc062723c751e8b465ee728b)  -> (artifact id: 'd0f501a15d77a7f9544669d980470ee3') in 0.019834 seconds 
  Import took 0.022124 seconds .

========================================================================
Received Import Request.
  Time since last request: 0.000220 seconds.
  path: Assets/UI/Class UI Button ZeroGravJump.png
  artifactKey: Guid(c2f0bf137c40f6a459cc7628646723ba) Importer(815301076,1909f56bfc062723c751e8b465ee728b)
Start importing Assets/UI/Class UI Button ZeroGravJump.png using Guid(c2f0bf137c40f6a459cc7628646723ba) Importer(815301076,1909f56bfc062723c751e8b465ee728b)  -> (artifact id: 'd04b98813ae747c7b616deeab32563c8') in 0.020216 seconds 
  Import took 0.022542 seconds .

========================================================================
Received Import Request.
  Time since last request: 0.000195 seconds.
  path: Assets/UI/Class UI Button Splitter.png
  artifactKey: Guid(dea078942ec9fe545bd1e165d02aee0e) Importer(815301076,1909f56bfc062723c751e8b465ee728b)
Start importing Assets/UI/Class UI Button Splitter.png using Guid(dea078942ec9fe545bd1e165d02aee0e) Importer(815301076,1909f56bfc062723c751e8b465ee728b)  -> (artifact id: '8d61c061d9dd5ac57c2a01c91187118a') in 0.019782 seconds 
  Import took 0.022201 seconds .

AssetImportWorkerClient::OnTransportError - code=2 error=End of file
